Build started 16.6.2013 г. 11:29:48 ч..
     1>Project "E:\n3x\MyProjects\MasterThesis\v1\RTBezie1\RTBezie1.vcxproj" on node 2 (Build target(s)).
     1>C:\Program Files (x86)\MSBuild\Microsoft.Cpp\v4.0\Microsoft.CppBuild.targets(298,5): warning MSB8004: Intermediate Directory does not end with a trailing slash.  This build instance will add the slash as it is required to allow proper evaluation of the Intermediate Directory.
     1>CustomBuild:
         Moc'ing cmesh.h...
         Qt: Untested Windows version 6.2 detected!
         Moc'ing mainwindow.h...
         Qt: Untested Windows version 6.2 detected!
       ClCompile:
         C:\Program Files (x86)\Microsoft Visual Studio 10.0\VC\bin\CL.exe /c /IC:\QtSDK\Desktop\Qt\4.8.0\msvc2010\include\QtCore /IC:\QtSDK\Desktop\Qt\4.8.0\msvc2010\include\QtGui /IC:\QtSDK\Desktop\Qt\4.8.0\msvc2010\include /IC:\QtSDK\Desktop\Qt\4.8.0\msvc2010\include\ActiveQt /Idebug /I. /IC:\QtSDK\Desktop\Qt\4.8.0\msvc2010\mkspecs\default /I.\GeneratedFiles /Zi /nologo /W3 /WX- /O2 /Oy- /D _WINDOWS /D UNICODE /D WIN32 /D QT_LARGEFILE_SUPPORT /D QT_DLL /D QT_GUI_LIB /D QT_CORE_LIB /D QT_HAVE_MMX /D QT_HAVE_3DNOW /D QT_HAVE_SSE /D QT_HAVE_MMXEXT /D QT_HAVE_SSE2 /D QT_THREAD_SUPPORT /Gm- /EHsc /MDd /GS- /fp:precise /Zc:wchar_t- /Zc:forScope /GR /Fo"Win32\Debug\\" /Fd"Win32\Debug\vc100.pdb" /Gd /TP /analyze- /errorReport:prompt AABox.cpp Debug\moc_cmesh.cpp Debug\moc_mainwindow.cpp Debug\moc_raytracer.cpp beziertriangle.cpp cmesh.cpp cview.cpp kdtreenode.cpp lightsscene.cpp main.cpp mainwindow.cpp raytracer.cpp raytracerthread.cpp shader.cpp triangle.cpp -Zm200 -w34100 -w34189 
         AABox.cpp
     1>E:\n3x\MyProjects\MasterThesis\v1\RTBezie1\settings.h(6): warning C4305: 'initializing' : truncation from 'double' to 'const float'
         moc_cmesh.cpp
         moc_mainwindow.cpp
         moc_raytracer.cpp
         beziertriangle.cpp
     1>E:\n3x\MyProjects\MasterThesis\v1\RTBezie1\settings.h(6): warning C4305: 'initializing' : truncation from 'double' to 'const float'
         cmesh.cpp
     1>E:\n3x\MyProjects\MasterThesis\v1\RTBezie1\settings.h(6): warning C4305: 'initializing' : truncation from 'double' to 'const float'
     1>cmesh.cpp(84): warning C4018: '<' : signed/unsigned mismatch
     1>cmesh.cpp(93): warning C4018: '<' : signed/unsigned mismatch
     1>cmesh.cpp(118): warning C4018: '<' : signed/unsigned mismatch
     1>cmesh.cpp(130): warning C4018: '<' : signed/unsigned mismatch
     1>cmesh.cpp(213): warning C4018: '<' : signed/unsigned mismatch
     1>cmesh.cpp(246): warning C4018: '<' : signed/unsigned mismatch
     1>cmesh.cpp(291): warning C4018: '<' : signed/unsigned mismatch
     1>cmesh.cpp(298): warning C4018: '<' : signed/unsigned mismatch
     1>cmesh.cpp(327): warning C4100: 'nSide' : unreferenced formal parameter
     1>cmesh.cpp(327): warning C4100: 'nTriangleID' : unreferenced formal parameter
     1>cmesh.cpp(380): warning C4018: '<' : signed/unsigned mismatch
         cview.cpp
         kdtreenode.cpp
     1>e:\n3x\myprojects\masterthesis\v1\rtbezie1\settings.h(6): warning C4305: 'initializing' : truncation from 'double' to 'const float'
     1>kdtreenode.cpp(75): warning C4018: '<' : signed/unsigned mismatch
     1>kdtreenode.cpp(102): warning C4018: '<' : signed/unsigned mismatch
         lightsscene.cpp
         main.cpp
     1>E:\n3x\MyProjects\MasterThesis\v1\RTBezie1\settings.h(6): warning C4305: 'initializing' : truncation from 'double' to 'const float'
         mainwindow.cpp
     1>E:\n3x\MyProjects\MasterThesis\v1\RTBezie1\settings.h(6): warning C4305: 'initializing' : truncation from 'double' to 'const float'
     1>mainwindow.cpp(122): warning C4100: 'checked' : unreferenced formal parameter
         raytracer.cpp
     1>E:\n3x\MyProjects\MasterThesis\v1\RTBezie1\settings.h(6): warning C4305: 'initializing' : truncation from 'double' to 'const float'
     1>raytracer.cpp(80): warning C4018: '<=' : signed/unsigned mismatch
     1>raytracer.cpp(73): warning C4100: 'bHighQuality' : unreferenced formal parameter
     1>raytracer.cpp(186): warning C4100: 'nId' : unreferenced formal parameter
     1>raytracer.cpp(191): warning C4100: 'nId' : unreferenced formal parameter
         raytracerthread.cpp
         shader.cpp
     1>E:\n3x\MyProjects\MasterThesis\v1\RTBezie1\settings.h(6): warning C4305: 'initializing' : truncation from 'double' to 'const float'
     1>shader.cpp(27): warning C4100: 'ray' : unreferenced formal parameter
         triangle.cpp
     1>E:\n3x\MyProjects\MasterThesis\v1\RTBezie1\settings.h(6): warning C4305: 'initializing' : truncation from 'double' to 'const float'
     1>triangle.cpp(19): warning C4100: 'aVertecis' : unreferenced formal parameter
     1>triangle.cpp(79): warning C4018: '<' : signed/unsigned mismatch
         Generating Code...
     1>e:\n3x\myprojects\masterthesis\v1\rtbezie1\triangle.cpp(210): warning C4715: 'CTriangle::GetIndex' : not all control paths return a value
       Link:
         C:\Program Files (x86)\Microsoft Visual Studio 10.0\VC\bin\link.exe /ERRORREPORT:PROMPT /OUT:"debug\\RTBezie1.exe" /NOLOGO /LIBPATH:C:\QtSDK\Desktop\Qt\4.8.0\msvc2010\lib /LIBPATH:C:\QtSDK\Desktop\Qt\4.8.0\msvc2010\lib C:\QtSDK\Desktop\Qt\4.8.0\msvc2010\lib\qtmaind.lib C:\QtSDK\Desktop\Qt\4.8.0\msvc2010\lib\QtGuid4.lib C:\QtSDK\Desktop\Qt\4.8.0\msvc2010\lib\QtCored4.lib kernel32.lib user32.lib gdi32.lib winspool.lib comdlg32.lib advapi32.lib shell32.lib ole32.lib oleaut32.lib uuid.lib odbc32.lib odbccp32.lib /MANIFEST /ManifestFile:"Win32\Debug\RTBezie1.exe.intermediate.manifest" /MANIFESTUAC:"level='asInvoker' uiAccess='false'" /DEBUG /PDB:"E:\n3x\MyProjects\MasterThesis\v1\RTBezie1\debug\RTBezie1.pdb" /SUBSYSTEM:WINDOWS /TLBID:1 /DYNAMICBASE /NXCOMPAT /MACHINE:X86 Win32\Debug\AABox.obj
         Win32\Debug\moc_camera.obj
         Win32\Debug\moc_cmesh.obj
         Win32\Debug\moc_mainwindow.obj
         Win32\Debug\moc_raytracer.obj
         Win32\Debug\moc_raytracerthread.obj
         Win32\Debug\moc_settings.obj
         Win32\Debug\Utils.obj
         Win32\Debug\beziertriangle.obj
         Win32\Debug\camera.obj
         Win32\Debug\cmesh.obj
         Win32\Debug\color.obj
         Win32\Debug\cview.obj
         Win32\Debug\intersactioninfo.obj
         Win32\Debug\kdtreenode.obj
         Win32\Debug\light.obj
         Win32\Debug\lightpoint.obj
         Win32\Debug\lightsscene.obj
         Win32\Debug\main.obj
         Win32\Debug\mainwindow.obj
         Win32\Debug\primitive.obj
         Win32\Debug\ray.obj
         Win32\Debug\raytracer.obj
         Win32\Debug\raytracerthread.obj
         Win32\Debug\settings.obj
         Win32\Debug\shader.obj
         Win32\Debug\triangle.obj
         Win32\Debug\vertex.obj "/MANIFESTDEPENDENCY:type='win32' name='Microsoft.Windows.Common-Controls' version='6.0.0.0' publicKeyToken='6595b64144ccf1df' language='*' processorArchitecture='*'" 
         LINK : debug\\RTBezie1.exe not found or not built by the last incremental link; performing full link
     1>qtmaind.lib(qtmain_win.obj) : warning LNK4099: PDB 'vc100.pdb' was not found with 'qtmaind.lib(qtmain_win.obj)' or at 'E:\n3x\MyProjects\MasterThesis\v1\RTBezie1\debug\vc100.pdb'; linking object as if no debug info
         RTBezie1.vcxproj -> E:\n3x\MyProjects\MasterThesis\v1\RTBezie1\debug\RTBezie1.exe
       Manifest:
         C:\Program Files (x86)\Microsoft SDKs\Windows\v7.0A\bin\mt.exe /nologo /verbose /outputresource:"debug\\RTBezie1.exe;#1" /manifest Win32\Debug\RTBezie1.exe.intermediate.manifest
     1>Done Building Project "E:\n3x\MyProjects\MasterThesis\v1\RTBezie1\RTBezie1.vcxproj" (Build target(s)).

Build succeeded.

Time Elapsed 00:00:14.24
